[05-Dec-2014 12:18:26 UTC] PHP Fatal error:  Uncaught exception 'InvalidArgumentException' with message 'A non-empty PSR-4 prefix must end with a namespace separator.' in /Users/bharatm/tmp/prjfrmscratch/vendor/composer/ClassLoader.php:219
Stack trace:
#0 /Users/bharatm/tmp/prjfrmscratch/vendor/composer/autoload_real.php(33): Composer\Autoload\ClassLoader->setPsr4('AutomatedReport...', Array)
#1 /Users/bharatm/tmp/prjfrmscratch/vendor/autoload.php(7): ComposerAutoloaderInit2b31bee42b2f6c61ab858a7ec9c7ca55::getLoader()
#2 /Users/bharatm/tmp/prjfrmscratch/automatedReports.php(9): require('/Users/bharatm/...')
#3 {main}
  thrown in /Users/bharatm/tmp/prjfrmscratch/vendor/composer/ClassLoader.php on line 219
[05-Dec-2014 12:20:05 UTC] PHP Fatal error:  Class 'AutomatedReports\AutomatedReports' not found in /Users/bharatm/tmp/prjfrmscratch/automatedReports.php on line 13
[05-Dec-2014 12:20:05 UTC] PHP Stack trace:
[05-Dec-2014 12:20:05 UTC] PHP   1. {main}() /Users/bharatm/tmp/prjfrmscratch/automatedReports.php:0
[05-Dec-2014 12:20:56 UTC] PHP Fatal error:  Class 'AutomatedReports\AutomatedReport' not found in /Users/bharatm/tmp/prjfrmscratch/automatedReports.php on line 13
[05-Dec-2014 12:20:56 UTC] PHP Stack trace:
[05-Dec-2014 12:20:56 UTC] PHP   1. {main}() /Users/bharatm/tmp/prjfrmscratch/automatedReports.php:0
[05-Dec-2014 12:23:16 UTC] PHP Fatal error:  Class 'AutomatedReports\AutomatedReport' not found in /Users/bharatm/tmp/prjfrmscratch/automatedReports.php on line 13
[05-Dec-2014 12:23:16 UTC] PHP Stack trace:
[05-Dec-2014 12:23:16 UTC] PHP   1. {main}() /Users/bharatm/tmp/prjfrmscratch/automatedReports.php:0
[05-Dec-2014 12:49:19 UTC] PHP Fatal error:  Class 'AutomatedReports\AutomatedReport' not found in /Users/bharatm/tmp/prjfrmscratch/automatedReports.php on line 13
[05-Dec-2014 12:49:19 UTC] PHP Stack trace:
[05-Dec-2014 12:49:19 UTC] PHP   1. {main}() /Users/bharatm/tmp/prjfrmscratch/automatedReports.php:0
[05-Dec-2014 12:49:33 UTC] PHP Fatal error:  Class 'AutomatedReports\AutomatedReports' not found in /Users/bharatm/tmp/prjfrmscratch/automatedReports.php on line 13
[05-Dec-2014 12:49:33 UTC] PHP Stack trace:
[05-Dec-2014 12:49:33 UTC] PHP   1. {main}() /Users/bharatm/tmp/prjfrmscratch/automatedReports.php:0
[05-Dec-2014 12:53:45 UTC] PHP Fatal error:  Class 'AutomatedReports\AutomatedReports' not found in /Users/bharatm/tmp/prjfrmscratch/automatedReports.php on line 13
[05-Dec-2014 12:53:45 UTC] PHP Stack trace:
[05-Dec-2014 12:53:45 UTC] PHP   1. {main}() /Users/bharatm/tmp/prjfrmscratch/automatedReports.php:0
[05-Dec-2014 12:54:02 UTC] PHP Fatal error:  Class 'Reports\AutomatedReports' not found in /Users/bharatm/tmp/prjfrmscratch/automatedReports.php on line 13
[05-Dec-2014 12:54:02 UTC] PHP Stack trace:
[05-Dec-2014 12:54:02 UTC] PHP   1. {main}() /Users/bharatm/tmp/prjfrmscratch/automatedReports.php:0
[05-Dec-2014 12:56:40 UTC] PHP Fatal error:  Class 'Reports\AutomatedReports' not found in /Users/bharatm/tmp/prjfrmscratch/automatedReports.php on line 13
[05-Dec-2014 12:56:41 UTC] PHP Stack trace:
[05-Dec-2014 12:56:41 UTC] PHP   1. {main}() /Users/bharatm/tmp/prjfrmscratch/automatedReports.php:0
[05-Dec-2014 12:56:43 UTC] PHP Fatal error:  Class 'Reports\AutomatedReports' not found in /Users/bharatm/tmp/prjfrmscratch/automatedReports.php on line 13
[05-Dec-2014 12:56:43 UTC] PHP Stack trace:
[05-Dec-2014 12:56:43 UTC] PHP   1. {main}() /Users/bharatm/tmp/prjfrmscratch/automatedReports.php:0
[05-Dec-2014 13:10:17 UTC] PHP Fatal error:  Class 'Demo\DemoMe' not found in /Users/bharatm/tmp/prjfrmscratch/demo.php on line 13
[05-Dec-2014 13:10:17 UTC] PHP Stack trace:
[05-Dec-2014 13:10:17 UTC] PHP   1. {main}() /Users/bharatm/tmp/prjfrmscratch/demo.php:0
[05-Dec-2014 13:13:24 UTC] PHP Fatal error:  Class 'Demo\DemoMe' not found in /Users/bharatm/tmp/prjfrmscratch/demo.php on line 13
[05-Dec-2014 13:13:24 UTC] PHP Stack trace:
[05-Dec-2014 13:13:24 UTC] PHP   1. {main}() /Users/bharatm/tmp/prjfrmscratch/demo.php:0
[05-Dec-2014 13:13:25 UTC] PHP Fatal error:  Class 'Demo\DemoMe' not found in /Users/bharatm/tmp/prjfrmscratch/demo.php on line 13
[05-Dec-2014 13:13:25 UTC] PHP Stack trace:
[05-Dec-2014 13:13:25 UTC] PHP   1. {main}() /Users/bharatm/tmp/prjfrmscratch/demo.php:0
[05-Dec-2014 13:13:29 UTC] PHP Fatal error:  Class 'Demo\DemoMe' not found in /Users/bharatm/tmp/prjfrmscratch/demo.php on line 13
[05-Dec-2014 13:13:29 UTC] PHP Stack trace:
[05-Dec-2014 13:13:29 UTC] PHP   1. {main}() /Users/bharatm/tmp/prjfrmscratch/demo.php:0
[05-Dec-2014 13:13:30 UTC] PHP Fatal error:  Class 'Demo\DemoMe' not found in /Users/bharatm/tmp/prjfrmscratch/demo.php on line 13
[05-Dec-2014 13:13:30 UTC] PHP Stack trace:
[05-Dec-2014 13:13:30 UTC] PHP   1. {main}() /Users/bharatm/tmp/prjfrmscratch/demo.php:0
[05-Dec-2014 13:13:40 UTC] PHP Fatal error:  Class 'Demo\DemoMe' not found in /Users/bharatm/tmp/prjfrmscratch/demo.php on line 13
[05-Dec-2014 13:13:40 UTC] PHP Stack trace:
[05-Dec-2014 13:13:40 UTC] PHP   1. {main}() /Users/bharatm/tmp/prjfrmscratch/demo.php:0
[05-Dec-2014 13:13:41 UTC] PHP Fatal error:  Class 'Demo\DemoMe' not found in /Users/bharatm/tmp/prjfrmscratch/demo.php on line 13
[05-Dec-2014 13:13:41 UTC] PHP Stack trace:
[05-Dec-2014 13:13:41 UTC] PHP   1. {main}() /Users/bharatm/tmp/prjfrmscratch/demo.php:0
[05-Dec-2014 13:13:56 UTC] PHP Fatal error:  Class 'Demo\DemoMe' not found in /Users/bharatm/tmp/prjfrmscratch/demo.php on line 13
[05-Dec-2014 13:13:56 UTC] PHP Stack trace:
[05-Dec-2014 13:13:56 UTC] PHP   1. {main}() /Users/bharatm/tmp/prjfrmscratch/demo.php:0
[05-Dec-2014 13:13:57 UTC] PHP Fatal error:  Class 'Demo\DemoMe' not found in /Users/bharatm/tmp/prjfrmscratch/demo.php on line 13
[05-Dec-2014 13:13:57 UTC] PHP Stack trace:
[05-Dec-2014 13:13:57 UTC] PHP   1. {main}() /Users/bharatm/tmp/prjfrmscratch/demo.php:0
[05-Dec-2014 13:15:02 UTC] PHP Fatal error:  Class 'Demo\DemoMe' not found in /Users/bharatm/tmp/prjfrmscratch/demo.php on line 13
[05-Dec-2014 13:15:02 UTC] PHP Stack trace:
[05-Dec-2014 13:15:02 UTC] PHP   1. {main}() /Users/bharatm/tmp/prjfrmscratch/demo.php:0
[05-Dec-2014 13:17:57 UTC] PHP Fatal error:  Class 'Demo\DemoMe' not found in /Users/bharatm/tmp/prjfrmscratch/demo.php on line 13
[05-Dec-2014 13:17:57 UTC] PHP Stack trace:
[05-Dec-2014 13:17:57 UTC] PHP   1. {main}() /Users/bharatm/tmp/prjfrmscratch/demo.php:0
[05-Dec-2014 13:19:03 UTC] PHP Fatal error:  Class 'Demo\DemoMe' not found in /Users/bharatm/tmp/prjfrmscratch/demo.php on line 13
[05-Dec-2014 13:19:03 UTC] PHP Stack trace:
[05-Dec-2014 13:19:03 UTC] PHP   1. {main}() /Users/bharatm/tmp/prjfrmscratch/demo.php:0
[05-Dec-2014 13:26:06 UTC] PHP Fatal error:  Class 'Demo\DemoMe' not found in /Users/bharatm/tmp/prjfrmscratch/demo.php on line 13
[05-Dec-2014 13:26:06 UTC] PHP Stack trace:
[05-Dec-2014 13:26:06 UTC] PHP   1. {main}() /Users/bharatm/tmp/prjfrmscratch/demo.php:0
[05-Dec-2014 13:26:19 UTC] PHP Fatal error:  Class 'Demo\DemoMe' not found in /Users/bharatm/tmp/prjfrmscratch/demo.php on line 13
[05-Dec-2014 13:26:19 UTC] PHP Stack trace:
[05-Dec-2014 13:26:19 UTC] PHP   1. {main}() /Users/bharatm/tmp/prjfrmscratch/demo.php:0
[05-Dec-2014 13:26:20 UTC] PHP Fatal error:  Class 'Demo\DemoMe' not found in /Users/bharatm/tmp/prjfrmscratch/demo.php on line 13
[05-Dec-2014 13:26:20 UTC] PHP Stack trace:
[05-Dec-2014 13:26:20 UTC] PHP   1. {main}() /Users/bharatm/tmp/prjfrmscratch/demo.php:0
[05-Dec-2014 13:27:37 UTC] PHP Fatal error:  Class 'Demo\DemoMe' not found in /Users/bharatm/tmp/prjfrmscratch/demo.php on line 13
[05-Dec-2014 13:27:37 UTC] PHP Stack trace:
[05-Dec-2014 13:27:37 UTC] PHP   1. {main}() /Users/bharatm/tmp/prjfrmscratch/demo.php:0
[05-Dec-2014 13:27:41 UTC] PHP Fatal error:  Class 'Demo\DemoMe' not found in /Users/bharatm/tmp/prjfrmscratch/demo.php on line 13
[05-Dec-2014 13:27:41 UTC] PHP Stack trace:
[05-Dec-2014 13:27:41 UTC] PHP   1. {main}() /Users/bharatm/tmp/prjfrmscratch/demo.php:0
[05-Dec-2014 13:29:27 UTC] PHP Fatal error:  require(): Failed opening required 'vendor/autoload_psr4.php' (include_path='.:/usr/local/Cellar/php55/5.5.18/lib/php') in /Users/bharatm/tmp/prjfrmscratch/demo.php on line 9
[05-Dec-2014 13:29:27 UTC] PHP Stack trace:
[05-Dec-2014 13:29:27 UTC] PHP   1. {main}() /Users/bharatm/tmp/prjfrmscratch/demo.php:0
[05-Dec-2014 13:43:55 UTC] PHP Fatal error:  require(): Failed opening required 'vendor/autoload_psr4.php' (include_path='.:/usr/local/Cellar/php55/5.5.18/lib/php') in /Users/bharatm/tmp/prjfrmscratch/demo.php on line 9
[05-Dec-2014 13:43:55 UTC] PHP Stack trace:
[05-Dec-2014 13:43:55 UTC] PHP   1. {main}() /Users/bharatm/tmp/prjfrmscratch/demo.php:0
[05-Dec-2014 13:53:18 UTC] PHP Fatal error:  Class 'MyDemo\Demo\DemoMe' not found in /Users/bharatm/tmp/prjfrmscratch/demo.php on line 13
[05-Dec-2014 13:53:18 UTC] PHP Stack trace:
[05-Dec-2014 13:53:18 UTC] PHP   1. {main}() /Users/bharatm/tmp/prjfrmscratch/demo.php:0
[05-Dec-2014 13:55:00 UTC] PHP Fatal error:  Uncaught exception 'InvalidArgumentException' with message 'A non-empty PSR-4 prefix must end with a namespace separator.' in /Users/bharatm/tmp/prjfrmscratch/vendor/composer/ClassLoader.php:222
Stack trace:
#0 /Users/bharatm/tmp/prjfrmscratch/vendor/composer/autoload_real.php(37): Composer\Autoload\ClassLoader->setPsr4('MyDemo', Array)
#1 /Users/bharatm/tmp/prjfrmscratch/vendor/autoload.php(7): ComposerAutoloaderInitf28d16661c3880394827be6b2b976fbe::getLoader()
#2 /Users/bharatm/tmp/prjfrmscratch/demo.php(9): require('/Users/bharatm/...')
#3 {main}
  thrown in /Users/bharatm/tmp/prjfrmscratch/vendor/composer/ClassLoader.php on line 222
